<?xml version="1.0" encoding="UTF-8"?>
<!-- Generated by org.testng.reporters.JUnitReportReporter -->
<testsuite hostname="DESKTOP-TMCCAJ2" failures="0" tests="4" name="groupingDemo.Grouping" time="0.030" errors="0" timestamp="2023-03-29T16:42:45 IST" skipped="0">
  <testcase classname="groupingDemo.Grouping" name="test2" time="0.003"/>
  <system-out/>
  <testcase classname="groupingDemo.Grouping" name="test4" time="0.003"/>
  <system-out/>
  <testcase classname="groupingDemo.Grouping" name="test3" time="0.003"/>
  <system-out/>
  <testcase classname="groupingDemo.Grouping" name="test1" time="0.021"/>
  <system-out/>
</testsuite> <!-- groupingDemo.Grouping -->
