<?xml version="1.0" encoding="UTF-8"?>
<!-- Generated by org.testng.reporters.JUnitReportReporter -->
<testsuite hostname="DESKTOP-TMCCAJ2" failures="0" tests="1" name="assertion.AssignmentActiTime" time="6.143" errors="0" timestamp="2023-03-31T18:33:42 IST" skipped="0">
  <testcase classname="assertion.AssignmentActiTime" name="actiTime" time="6.143"/>
  <system-out/>
</testsuite> <!-- assertion.AssignmentActiTime -->
