<?xml version="1.0" encoding="UTF-8"?>
<!-- Generated by org.testng.reporters.JUnitReportReporter -->
<testsuite hostname="DESKTOP-TMCCAJ2" failures="0" tests="5" name="testNGAnnotation.KeywordsInTestNG" time="0.053" errors="0" timestamp="2023-03-27T08:39:04 IST" skipped="0">
  <testcase classname="testNGAnnotation.KeywordsInTestNG" name="def" time="0.031"/>
  <system-out/>
  <testcase classname="testNGAnnotation.KeywordsInTestNG" name="ghi" time="0.004"/>
  <system-out/>
  <testcase classname="testNGAnnotation.KeywordsInTestNG" name="pqr" time="0.004"/>
  <system-out/>
  <testcase classname="testNGAnnotation.KeywordsInTestNG" name="mno" time="0.004"/>
  <system-out/>
  <testcase classname="testNGAnnotation.KeywordsInTestNG" name="abc" time="0.010"/>
  <system-out/>
</testsuite> <!-- testNGAnnotation.KeywordsInTestNG -->
