<?xml version="1.0" encoding="UTF-8"?>
<!-- Generated by org.testng.reporters.JUnitReportReporter -->
<testsuite hostname="DESKTOP-TMCCAJ2" failures="0" tests="1" name="testNGAnnotation.SequenceOfAnnotations" time="0.040" errors="0" timestamp="2023-03-29T15:21:10 IST" skipped="0">
  <testcase classname="testNGAnnotation.SequenceOfAnnotations" name="test" time="0.040"/>
  <system-out/>
</testsuite> <!-- testNGAnnotation.SequenceOfAnnotations -->
