<?xml version="1.0" encoding="UTF-8"?>
<!-- Generated by org.testng.reporters.JUnitReportReporter -->
<testsuite hostname="DESKTOP-TMCCAJ2" failures="0" tests="3" name="keywordsInTestNG.InvocationCount" time="0.038" errors="0" timestamp="2023-04-11T00:28:48 IST" skipped="0">
  <testcase classname="keywordsInTestNG.InvocationCount" name="jkl" time="0.031"/>
  <system-out/>
  <testcase classname="keywordsInTestNG.InvocationCount" name="jkl" time="0.003"/>
  <system-out/>
  <testcase classname="keywordsInTestNG.InvocationCount" name="jkl" time="0.004"/>
  <system-out/>
</testsuite> <!-- keywordsInTestNG.InvocationCount -->
