<?xml version="1.0" encoding="UTF-8"?>
<!-- Generated by org.testng.reporters.JUnitReportReporter -->
<testsuite hostname="DESKTOP-TMCCAJ2" failures="0" tests="2" name="keywordsInTestNG.Enabled" time="0.029" errors="0" timestamp="2023-03-29T15:45:03 IST" skipped="1">
  <testcase classname="keywordsInTestNG.Enabled" name="abc" time="0.029"/>
  <system-out/>
  <testcase classname="keywordsInTestNG.Enabled" name="def">
    <skipped/>
  </testcase> <!-- def -->
  <system-out/>
</testsuite> <!-- keywordsInTestNG.Enabled -->
