<?xml version="1.0" encoding="UTF-8"?>
<!-- Generated by org.testng.reporters.JUnitReportReporter -->
<testsuite hostname="DESKTOP-TMCCAJ2" failures="0" tests="1" name="testNGAnnotation.Annotation" time="0.026" errors="0" timestamp="2023-03-20T16:21:00 IST" skipped="0">
  <testcase classname="testNGAnnotation.Annotation" name="test1" time="0.026"/>
  <system-out/>
</testsuite> <!-- testNGAnnotation.Annotation -->
