<?xml version="1.0" encoding="UTF-8"?>
<!-- Generated by org.testng.reporters.JUnitReportReporter -->
<testsuite hostname="DESKTOP-TMCCAJ2" failures="0" tests="3" name="groupingDemo.MetaGroup" time="0.030" errors="0" timestamp="2023-03-29T16:55:44 IST" skipped="0">
  <testcase classname="groupingDemo.MetaGroup" name="test2" time="0.005"/>
  <system-out/>
  <testcase classname="groupingDemo.MetaGroup" name="test4" time="0.004"/>
  <system-out/>
  <testcase classname="groupingDemo.MetaGroup" name="test1" time="0.021"/>
  <system-out/>
</testsuite> <!-- groupingDemo.MetaGroup -->
