<?xml version="1.0" encoding="UTF-8"?>
<!-- Generated by org.testng.reporters.JUnitReportReporter -->
<testsuite hostname="DESKTOP-TMCCAJ2" failures="0" tests="2" name="keywordsInTestNG.DependsOnMethods" time="0.013" errors="0" timestamp="2023-03-29T16:07:23 IST" skipped="0">
  <testcase classname="keywordsInTestNG.DependsOnMethods" name="abc" time="0.004"/>
  <system-out/>
  <testcase classname="keywordsInTestNG.DependsOnMethods" name="def" time="0.009"/>
  <system-out/>
</testsuite> <!-- keywordsInTestNG.DependsOnMethods -->
