<?xml version="1.0" encoding="UTF-8"?>
<!-- Generated by org.testng.reporters.JUnitReportReporter -->
<testsuite hostname="DESKTOP-TMCCAJ2" failures="0" tests="6" name="keywordsInTestNG.PriorityKeyword" time="0.054" errors="0" timestamp="2023-03-29T15:45:03 IST" skipped="0">
  <testcase classname="keywordsInTestNG.PriorityKeyword" name="xyz" time="0.004"/>
  <system-out/>
  <testcase classname="keywordsInTestNG.PriorityKeyword" name="abc" time="0.011"/>
  <system-out/>
  <testcase classname="keywordsInTestNG.PriorityKeyword" name="def" time="0.008"/>
  <system-out/>
  <testcase classname="keywordsInTestNG.PriorityKeyword" name="ghi" time="0.009"/>
  <system-out/>
  <testcase classname="keywordsInTestNG.PriorityKeyword" name="jkl" time="0.010"/>
  <system-out/>
  <testcase classname="keywordsInTestNG.PriorityKeyword" name="mno" time="0.012"/>
  <system-out/>
</testsuite> <!-- keywordsInTestNG.PriorityKeyword -->
