<?xml version="1.0" encoding="UTF-8"?>
<!-- Generated by org.testng.reporters.JUnitReportReporter -->
<testsuite hostname="DESKTOP-TMCCAJ2" failures="0" tests="1" name="testNGAnnotation.ActiTimeLogoVerify" time="2.025" errors="0" timestamp="2023-03-28T16:44:55 IST" skipped="0">
  <testcase classname="testNGAnnotation.ActiTimeLogoVerify" name="scenarioVerifyLogo" time="2.025"/>
  <system-out/>
</testsuite> <!-- testNGAnnotation.ActiTimeLogoVerify -->
